Determining if the pthread_create exist failed with the following output:
Change Dir: /home/dji/catkin_ws_uco/build/CMakeFiles/CMakeTmp

Run Build Command:"/usr/bin/make" "cmTC_6eb35/fast"
/usr/bin/make -f CMakeFiles/cmTC_6eb35.dir/build.make CMakeFiles/cmTC_6eb35.dir/build
make[1]: Entering directory '/home/dji/catkin_ws_uco/build/CMakeFiles/CMakeTmp'
Building C object CMakeFiles/cmTC_6eb35.dir/CheckSymbolExists.c.o
/usr/bin/cc     -o CMakeFiles/cmTC_6eb35.dir/CheckSymbolExists.c.o   -c /home/dji/catkin_ws_uco/build/CMakeFiles/CMakeTmp/CheckSymbolExists.c
Linking C executable cmTC_6eb35
/usr/bin/cmake -E cmake_link_script CMakeFiles/cmTC_6eb35.dir/link.txt --verbose=1
/usr/bin/cc       CMakeFiles/cmTC_6eb35.dir/CheckSymbolExists.c.o  -o cmTC_6eb35 -rdynamic 
CMakeFiles/cmTC_6eb35.dir/CheckSymbolExists.c.o: In function `main':
CheckSymbolExists.c:(.text+0x16): undefined reference to `pthread_create'
collect2: error: ld returned 1 exit status
CMakeFiles/cmTC_6eb35.dir/build.make:97: recipe for target 'cmTC_6eb35' failed
make[1]: *** [cmTC_6eb35] Error 1
make[1]: Leaving directory '/home/dji/catkin_ws_uco/build/CMakeFiles/CMakeTmp'
Makefile:126: recipe for target 'cmTC_6eb35/fast' failed
make: *** [cmTC_6eb35/fast] Error 2

File /home/dji/catkin_ws_uco/build/CMakeFiles/CMakeTmp/CheckSymbolExists.c:
/* */
#include <pthread.h>

int main(int argc, char** argv)
{
  (void)argv;
#ifndef pthread_create
  return ((int*)(&pthread_create))[argc];
#else
  (void)argc;
  return 0;
#endif
}

Determining if the function pthread_create exists in the pthreads failed with the following output:
Change Dir: /home/dji/catkin_ws_uco/build/CMakeFiles/CMakeTmp

Run Build Command:"/usr/bin/make" "cmTC_8194a/fast"
/usr/bin/make -f CMakeFiles/cmTC_8194a.dir/build.make CMakeFiles/cmTC_8194a.dir/build
make[1]: Entering directory '/home/dji/catkin_ws_uco/build/CMakeFiles/CMakeTmp'
Building C object CMakeFiles/cmTC_8194a.dir/CheckFunctionExists.c.o
/usr/bin/cc    -DCHECK_FUNCTION_EXISTS=pthread_create   -o CMakeFiles/cmTC_8194a.dir/CheckFunctionExists.c.o   -c /usr/share/cmake-3.5/Modules/CheckFunctionExists.c
Linking C executable cmTC_8194a
/usr/bin/cmake -E cmake_link_script CMakeFiles/cmTC_8194a.dir/link.txt --verbose=1
/usr/bin/cc   -DCHECK_FUNCTION_EXISTS=pthread_create    CMakeFiles/cmTC_8194a.dir/CheckFunctionExists.c.o  -o cmTC_8194a -rdynamic -lpthreads 
/usr/bin/ld: cannot find -lpthreads
collect2: error: ld returned 1 exit status
CMakeFiles/cmTC_8194a.dir/build.make:97: recipe for target 'cmTC_8194a' failed
make[1]: *** [cmTC_8194a] Error 1
make[1]: Leaving directory '/home/dji/catkin_ws_uco/build/CMakeFiles/CMakeTmp'
Makefile:126: recipe for target 'cmTC_8194a/fast' failed
make: *** [cmTC_8194a/fast] Error 2


